<?xml version="1.0" encoding="UTF-8"?>
<!-- Generated by org.testng.reporters.JUnitReportReporter -->
<testsuite hostname="LAPTOP-2G1E73D0" name="com.hrms.testscripts.TC001" tests="1" failures="0" timestamp="24 May 2020 17:21:05 GMT" time="91.175" errors="0">
  <testcase name="tc001" time="91.175" classname="com.hrms.testscripts.TC001"/>
</testsuite> <!-- com.hrms.testscripts.TC001 -->
