<?xml version="1.0" encoding="UTF-8"?>
<!-- Generated by org.testng.reporters.JUnitReportReporter -->
<testsuite hostname="LAPTOP-2G1E73D0" name="com.hrms.testscripts.TC002" tests="1" failures="0" timestamp="24 May 2020 17:21:05 GMT" time="25.004" errors="0">
  <testcase name="tc002" time="25.004" classname="com.hrms.testscripts.TC002"/>
</testsuite> <!-- com.hrms.testscripts.TC002 -->
